ARM GAS  /tmp/ccnqEy65.s 			page 1


   1              		.cpu cortex-m3
   2              		.eabi_attribute 20, 1
   3              		.eabi_attribute 21, 1
   4              		.eabi_attribute 23, 3
   5              		.eabi_attribute 24, 1
   6              		.eabi_attribute 25, 1
   7              		.eabi_attribute 26, 1
   8              		.eabi_attribute 30, 1
   9              		.eabi_attribute 34, 1
  10              		.eabi_attribute 18, 4
  11              		.file	"list.c"
  12              		.text
  13              	.Ltext0:
  14              		.cfi_sections	.debug_frame
  15              		.section	.text.vListInitialise,"ax",%progbits
  16              		.align	1
  17              		.global	vListInitialise
  18              		.syntax unified
  19              		.thumb
  20              		.thumb_func
  21              		.fpu softvfp
  23              	vListInitialise:
  24              	.LFB5:
  25              		.file 1 "Middlewares/Third_Party/FreeRTOS/Source/list.c"
   1:Middlewares/Third_Party/FreeRTOS/Source/list.c **** /*
   2:Middlewares/Third_Party/FreeRTOS/Source/list.c ****     FreeRTOS V9.0.0 - Copyright (C) 2016 Real Time Engineers Ltd.
   3:Middlewares/Third_Party/FreeRTOS/Source/list.c ****     All rights reserved
   4:Middlewares/Third_Party/FreeRTOS/Source/list.c **** 
   5:Middlewares/Third_Party/FreeRTOS/Source/list.c ****     VISIT http://www.FreeRTOS.org TO ENSURE YOU ARE USING THE LATEST VERSION.
   6:Middlewares/Third_Party/FreeRTOS/Source/list.c **** 
   7:Middlewares/Third_Party/FreeRTOS/Source/list.c ****     This file is part of the FreeRTOS distribution.
   8:Middlewares/Third_Party/FreeRTOS/Source/list.c **** 
   9:Middlewares/Third_Party/FreeRTOS/Source/list.c ****     FreeRTOS is free software; you can redistribute it and/or modify it under
  10:Middlewares/Third_Party/FreeRTOS/Source/list.c ****     the terms of the GNU General Public License (version 2) as published by the
  11:Middlewares/Third_Party/FreeRTOS/Source/list.c ****     Free Software Foundation >>>> AND MODIFIED BY <<<< the FreeRTOS exception.
  12:Middlewares/Third_Party/FreeRTOS/Source/list.c **** 
  13:Middlewares/Third_Party/FreeRTOS/Source/list.c ****     ***************************************************************************
  14:Middlewares/Third_Party/FreeRTOS/Source/list.c ****     >>!   NOTE: The modification to the GPL is included to allow you to     !<<
  15:Middlewares/Third_Party/FreeRTOS/Source/list.c ****     >>!   distribute a combined work that includes FreeRTOS without being   !<<
  16:Middlewares/Third_Party/FreeRTOS/Source/list.c ****     >>!   obliged to provide the source code for proprietary components     !<<
  17:Middlewares/Third_Party/FreeRTOS/Source/list.c ****     >>!   outside of the FreeRTOS kernel.                                   !<<
  18:Middlewares/Third_Party/FreeRTOS/Source/list.c ****     ***************************************************************************
  19:Middlewares/Third_Party/FreeRTOS/Source/list.c **** 
  20:Middlewares/Third_Party/FreeRTOS/Source/list.c ****     FreeRTOS is distributed in the hope that it will be useful, but WITHOUT ANY
  21:Middlewares/Third_Party/FreeRTOS/Source/list.c ****     WARRANTY; without even the implied warranty of MERCHANTABILITY or FITNESS
  22:Middlewares/Third_Party/FreeRTOS/Source/list.c ****     FOR A PARTICULAR PURPOSE.  Full license text is available on the following
  23:Middlewares/Third_Party/FreeRTOS/Source/list.c ****     link: http://www.freertos.org/a00114.html
  24:Middlewares/Third_Party/FreeRTOS/Source/list.c **** 
  25:Middlewares/Third_Party/FreeRTOS/Source/list.c ****     ***************************************************************************
  26:Middlewares/Third_Party/FreeRTOS/Source/list.c ****      *                                                                       *
  27:Middlewares/Third_Party/FreeRTOS/Source/list.c ****      *    FreeRTOS provides completely free yet professionally developed,    *
  28:Middlewares/Third_Party/FreeRTOS/Source/list.c ****      *    robust, strictly quality controlled, supported, and cross          *
  29:Middlewares/Third_Party/FreeRTOS/Source/list.c ****      *    platform software that is more than just the market leader, it     *
  30:Middlewares/Third_Party/FreeRTOS/Source/list.c ****      *    is the industry's de facto standard.                               *
  31:Middlewares/Third_Party/FreeRTOS/Source/list.c ****      *                                                                       *
  32:Middlewares/Third_Party/FreeRTOS/Source/list.c ****      *    Help yourself get started quickly while simultaneously helping     *
  33:Middlewares/Third_Party/FreeRTOS/Source/list.c ****      *    to support the FreeRTOS project by purchasing a FreeRTOS           *
ARM GAS  /tmp/ccnqEy65.s 			page 2


  34:Middlewares/Third_Party/FreeRTOS/Source/list.c ****      *    tutorial book, reference manual, or both:                          *
  35:Middlewares/Third_Party/FreeRTOS/Source/list.c ****      *    http://www.FreeRTOS.org/Documentation                              *
  36:Middlewares/Third_Party/FreeRTOS/Source/list.c ****      *                                                                       *
  37:Middlewares/Third_Party/FreeRTOS/Source/list.c ****     ***************************************************************************
  38:Middlewares/Third_Party/FreeRTOS/Source/list.c **** 
  39:Middlewares/Third_Party/FreeRTOS/Source/list.c ****     http://www.FreeRTOS.org/FAQHelp.html - Having a problem?  Start by reading
  40:Middlewares/Third_Party/FreeRTOS/Source/list.c ****     the FAQ page "My application does not run, what could be wrong?".  Have you
  41:Middlewares/Third_Party/FreeRTOS/Source/list.c ****     defined configASSERT()?
  42:Middlewares/Third_Party/FreeRTOS/Source/list.c **** 
  43:Middlewares/Third_Party/FreeRTOS/Source/list.c ****     http://www.FreeRTOS.org/support - In return for receiving this top quality
  44:Middlewares/Third_Party/FreeRTOS/Source/list.c ****     embedded software for free we request you assist our global community by
  45:Middlewares/Third_Party/FreeRTOS/Source/list.c ****     participating in the support forum.
  46:Middlewares/Third_Party/FreeRTOS/Source/list.c **** 
  47:Middlewares/Third_Party/FreeRTOS/Source/list.c ****     http://www.FreeRTOS.org/training - Investing in training allows your team to
  48:Middlewares/Third_Party/FreeRTOS/Source/list.c ****     be as productive as possible as early as possible.  Now you can receive
  49:Middlewares/Third_Party/FreeRTOS/Source/list.c ****     FreeRTOS training directly from Richard Barry, CEO of Real Time Engineers
  50:Middlewares/Third_Party/FreeRTOS/Source/list.c ****     Ltd, and the world's leading authority on the world's leading RTOS.
  51:Middlewares/Third_Party/FreeRTOS/Source/list.c **** 
  52:Middlewares/Third_Party/FreeRTOS/Source/list.c ****     http://www.FreeRTOS.org/plus - A selection of FreeRTOS ecosystem products,
  53:Middlewares/Third_Party/FreeRTOS/Source/list.c ****     including FreeRTOS+Trace - an indispensable productivity tool, a DOS
  54:Middlewares/Third_Party/FreeRTOS/Source/list.c ****     compatible FAT file system, and our tiny thread aware UDP/IP stack.
  55:Middlewares/Third_Party/FreeRTOS/Source/list.c **** 
  56:Middlewares/Third_Party/FreeRTOS/Source/list.c ****     http://www.FreeRTOS.org/labs - Where new FreeRTOS products go to incubate.
  57:Middlewares/Third_Party/FreeRTOS/Source/list.c ****     Come and try FreeRTOS+TCP, our new open source TCP/IP stack for FreeRTOS.
  58:Middlewares/Third_Party/FreeRTOS/Source/list.c **** 
  59:Middlewares/Third_Party/FreeRTOS/Source/list.c ****     http://www.OpenRTOS.com - Real Time Engineers ltd. license FreeRTOS to High
  60:Middlewares/Third_Party/FreeRTOS/Source/list.c ****     Integrity Systems ltd. to sell under the OpenRTOS brand.  Low cost OpenRTOS
  61:Middlewares/Third_Party/FreeRTOS/Source/list.c ****     licenses offer ticketed support, indemnification and commercial middleware.
  62:Middlewares/Third_Party/FreeRTOS/Source/list.c **** 
  63:Middlewares/Third_Party/FreeRTOS/Source/list.c ****     http://www.SafeRTOS.com - High Integrity Systems also provide a safety
  64:Middlewares/Third_Party/FreeRTOS/Source/list.c ****     engineered and independently SIL3 certified version for use in safety and
  65:Middlewares/Third_Party/FreeRTOS/Source/list.c ****     mission critical applications that require provable dependability.
  66:Middlewares/Third_Party/FreeRTOS/Source/list.c **** 
  67:Middlewares/Third_Party/FreeRTOS/Source/list.c ****     1 tab == 4 spaces!
  68:Middlewares/Third_Party/FreeRTOS/Source/list.c **** */
  69:Middlewares/Third_Party/FreeRTOS/Source/list.c **** 
  70:Middlewares/Third_Party/FreeRTOS/Source/list.c **** 
  71:Middlewares/Third_Party/FreeRTOS/Source/list.c **** #include <stdlib.h>
  72:Middlewares/Third_Party/FreeRTOS/Source/list.c **** #include "FreeRTOS.h"
  73:Middlewares/Third_Party/FreeRTOS/Source/list.c **** #include "list.h"
  74:Middlewares/Third_Party/FreeRTOS/Source/list.c **** 
  75:Middlewares/Third_Party/FreeRTOS/Source/list.c **** /*-----------------------------------------------------------
  76:Middlewares/Third_Party/FreeRTOS/Source/list.c ****  * PUBLIC LIST API documented in list.h
  77:Middlewares/Third_Party/FreeRTOS/Source/list.c ****  *----------------------------------------------------------*/
  78:Middlewares/Third_Party/FreeRTOS/Source/list.c **** 
  79:Middlewares/Third_Party/FreeRTOS/Source/list.c **** void vListInitialise( List_t * const pxList )
  80:Middlewares/Third_Party/FreeRTOS/Source/list.c **** {
  26              		.loc 1 80 0
  27              		.cfi_startproc
  28              		@ args = 0, pretend = 0, frame = 0
  29              		@ frame_needed = 0, uses_anonymous_args = 0
  30              		@ link register save eliminated.
  31              	.LVL0:
  81:Middlewares/Third_Party/FreeRTOS/Source/list.c **** 	/* The list structure contains a list item which is used to mark the
  82:Middlewares/Third_Party/FreeRTOS/Source/list.c **** 	end of the list.  To initialise the list the list end is inserted
  83:Middlewares/Third_Party/FreeRTOS/Source/list.c **** 	as the only list entry. */
  84:Middlewares/Third_Party/FreeRTOS/Source/list.c **** 	pxList->pxIndex = ( ListItem_t * ) &( pxList->xListEnd );			/*lint !e826 !e740 The mini list struc
ARM GAS  /tmp/ccnqEy65.s 			page 3


  32              		.loc 1 84 0
  33 0000 00F10803 		add	r3, r0, #8
  34 0004 4360     		str	r3, [r0, #4]
  85:Middlewares/Third_Party/FreeRTOS/Source/list.c **** 
  86:Middlewares/Third_Party/FreeRTOS/Source/list.c **** 	/* The list end value is the highest possible value in the list to
  87:Middlewares/Third_Party/FreeRTOS/Source/list.c **** 	ensure it remains at the end of the list. */
  88:Middlewares/Third_Party/FreeRTOS/Source/list.c **** 	pxList->xListEnd.xItemValue = portMAX_DELAY;
  35              		.loc 1 88 0
  36 0006 4FF0FF32 		mov	r2, #-1
  37 000a 8260     		str	r2, [r0, #8]
  89:Middlewares/Third_Party/FreeRTOS/Source/list.c **** 
  90:Middlewares/Third_Party/FreeRTOS/Source/list.c **** 	/* The list end next and previous pointers point to itself so we know
  91:Middlewares/Third_Party/FreeRTOS/Source/list.c **** 	when the list is empty. */
  92:Middlewares/Third_Party/FreeRTOS/Source/list.c **** 	pxList->xListEnd.pxNext = ( ListItem_t * ) &( pxList->xListEnd );	/*lint !e826 !e740 The mini list
  38              		.loc 1 92 0
  39 000c C360     		str	r3, [r0, #12]
  93:Middlewares/Third_Party/FreeRTOS/Source/list.c **** 	pxList->xListEnd.pxPrevious = ( ListItem_t * ) &( pxList->xListEnd );/*lint !e826 !e740 The mini l
  40              		.loc 1 93 0
  41 000e 0361     		str	r3, [r0, #16]
  94:Middlewares/Third_Party/FreeRTOS/Source/list.c **** 
  95:Middlewares/Third_Party/FreeRTOS/Source/list.c **** 	pxList->uxNumberOfItems = ( UBaseType_t ) 0U;
  42              		.loc 1 95 0
  43 0010 0023     		movs	r3, #0
  44 0012 0360     		str	r3, [r0]
  45 0014 7047     		bx	lr
  46              		.cfi_endproc
  47              	.LFE5:
  49              		.section	.text.vListInitialiseItem,"ax",%progbits
  50              		.align	1
  51              		.global	vListInitialiseItem
  52              		.syntax unified
  53              		.thumb
  54              		.thumb_func
  55              		.fpu softvfp
  57              	vListInitialiseItem:
  58              	.LFB6:
  96:Middlewares/Third_Party/FreeRTOS/Source/list.c **** 
  97:Middlewares/Third_Party/FreeRTOS/Source/list.c **** 	/* Write known values into the list if
  98:Middlewares/Third_Party/FreeRTOS/Source/list.c **** 	configUSE_LIST_DATA_INTEGRITY_CHECK_BYTES is set to 1. */
  99:Middlewares/Third_Party/FreeRTOS/Source/list.c **** 	listSET_LIST_INTEGRITY_CHECK_1_VALUE( pxList );
 100:Middlewares/Third_Party/FreeRTOS/Source/list.c **** 	listSET_LIST_INTEGRITY_CHECK_2_VALUE( pxList );
 101:Middlewares/Third_Party/FreeRTOS/Source/list.c **** }
 102:Middlewares/Third_Party/FreeRTOS/Source/list.c **** /*-----------------------------------------------------------*/
 103:Middlewares/Third_Party/FreeRTOS/Source/list.c **** 
 104:Middlewares/Third_Party/FreeRTOS/Source/list.c **** void vListInitialiseItem( ListItem_t * const pxItem )
 105:Middlewares/Third_Party/FreeRTOS/Source/list.c **** {
  59              		.loc 1 105 0
  60              		.cfi_startproc
  61              		@ args = 0, pretend = 0, frame = 0
  62              		@ frame_needed = 0, uses_anonymous_args = 0
  63              		@ link register save eliminated.
  64              	.LVL1:
 106:Middlewares/Third_Party/FreeRTOS/Source/list.c **** 	/* Make sure the list item is not recorded as being on a list. */
 107:Middlewares/Third_Party/FreeRTOS/Source/list.c **** 	pxItem->pvContainer = NULL;
  65              		.loc 1 107 0
  66 0000 0023     		movs	r3, #0
  67 0002 0361     		str	r3, [r0, #16]
ARM GAS  /tmp/ccnqEy65.s 			page 4


  68 0004 7047     		bx	lr
  69              		.cfi_endproc
  70              	.LFE6:
  72              		.section	.text.vListInsertEnd,"ax",%progbits
  73              		.align	1
  74              		.global	vListInsertEnd
  75              		.syntax unified
  76              		.thumb
  77              		.thumb_func
  78              		.fpu softvfp
  80              	vListInsertEnd:
  81              	.LFB7:
 108:Middlewares/Third_Party/FreeRTOS/Source/list.c **** 
 109:Middlewares/Third_Party/FreeRTOS/Source/list.c **** 	/* Write known values into the list item if
 110:Middlewares/Third_Party/FreeRTOS/Source/list.c **** 	configUSE_LIST_DATA_INTEGRITY_CHECK_BYTES is set to 1. */
 111:Middlewares/Third_Party/FreeRTOS/Source/list.c **** 	listSET_FIRST_LIST_ITEM_INTEGRITY_CHECK_VALUE( pxItem );
 112:Middlewares/Third_Party/FreeRTOS/Source/list.c **** 	listSET_SECOND_LIST_ITEM_INTEGRITY_CHECK_VALUE( pxItem );
 113:Middlewares/Third_Party/FreeRTOS/Source/list.c **** }
 114:Middlewares/Third_Party/FreeRTOS/Source/list.c **** /*-----------------------------------------------------------*/
 115:Middlewares/Third_Party/FreeRTOS/Source/list.c **** 
 116:Middlewares/Third_Party/FreeRTOS/Source/list.c **** void vListInsertEnd( List_t * const pxList, ListItem_t * const pxNewListItem )
 117:Middlewares/Third_Party/FreeRTOS/Source/list.c **** {
  82              		.loc 1 117 0
  83              		.cfi_startproc
  84              		@ args = 0, pretend = 0, frame = 0
  85              		@ frame_needed = 0, uses_anonymous_args = 0
  86              		@ link register save eliminated.
  87              	.LVL2:
 118:Middlewares/Third_Party/FreeRTOS/Source/list.c **** ListItem_t * const pxIndex = pxList->pxIndex;
  88              		.loc 1 118 0
  89 0000 4368     		ldr	r3, [r0, #4]
  90              	.LVL3:
 119:Middlewares/Third_Party/FreeRTOS/Source/list.c **** 
 120:Middlewares/Third_Party/FreeRTOS/Source/list.c **** 	/* Only effective when configASSERT() is also defined, these tests may catch
 121:Middlewares/Third_Party/FreeRTOS/Source/list.c **** 	the list data structures being overwritten in memory.  They will not catch
 122:Middlewares/Third_Party/FreeRTOS/Source/list.c **** 	data errors caused by incorrect configuration or use of FreeRTOS. */
 123:Middlewares/Third_Party/FreeRTOS/Source/list.c **** 	listTEST_LIST_INTEGRITY( pxList );
 124:Middlewares/Third_Party/FreeRTOS/Source/list.c **** 	listTEST_LIST_ITEM_INTEGRITY( pxNewListItem );
 125:Middlewares/Third_Party/FreeRTOS/Source/list.c **** 
 126:Middlewares/Third_Party/FreeRTOS/Source/list.c **** 	/* Insert a new list item into pxList, but rather than sort the list,
 127:Middlewares/Third_Party/FreeRTOS/Source/list.c **** 	makes the new list item the last item to be removed by a call to
 128:Middlewares/Third_Party/FreeRTOS/Source/list.c **** 	listGET_OWNER_OF_NEXT_ENTRY(). */
 129:Middlewares/Third_Party/FreeRTOS/Source/list.c **** 	pxNewListItem->pxNext = pxIndex;
  91              		.loc 1 129 0
  92 0002 4B60     		str	r3, [r1, #4]
 130:Middlewares/Third_Party/FreeRTOS/Source/list.c **** 	pxNewListItem->pxPrevious = pxIndex->pxPrevious;
  93              		.loc 1 130 0
  94 0004 9A68     		ldr	r2, [r3, #8]
  95 0006 8A60     		str	r2, [r1, #8]
 131:Middlewares/Third_Party/FreeRTOS/Source/list.c **** 
 132:Middlewares/Third_Party/FreeRTOS/Source/list.c **** 	/* Only used during decision coverage testing. */
 133:Middlewares/Third_Party/FreeRTOS/Source/list.c **** 	mtCOVERAGE_TEST_DELAY();
 134:Middlewares/Third_Party/FreeRTOS/Source/list.c **** 
 135:Middlewares/Third_Party/FreeRTOS/Source/list.c **** 	pxIndex->pxPrevious->pxNext = pxNewListItem;
  96              		.loc 1 135 0
  97 0008 9A68     		ldr	r2, [r3, #8]
  98 000a 5160     		str	r1, [r2, #4]
ARM GAS  /tmp/ccnqEy65.s 			page 5


 136:Middlewares/Third_Party/FreeRTOS/Source/list.c **** 	pxIndex->pxPrevious = pxNewListItem;
  99              		.loc 1 136 0
 100 000c 9960     		str	r1, [r3, #8]
 137:Middlewares/Third_Party/FreeRTOS/Source/list.c **** 
 138:Middlewares/Third_Party/FreeRTOS/Source/list.c **** 	/* Remember which list the item is in. */
 139:Middlewares/Third_Party/FreeRTOS/Source/list.c **** 	pxNewListItem->pvContainer = ( void * ) pxList;
 101              		.loc 1 139 0
 102 000e 0861     		str	r0, [r1, #16]
 140:Middlewares/Third_Party/FreeRTOS/Source/list.c **** 
 141:Middlewares/Third_Party/FreeRTOS/Source/list.c **** 	( pxList->uxNumberOfItems )++;
 103              		.loc 1 141 0
 104 0010 0368     		ldr	r3, [r0]
 105              	.LVL4:
 106 0012 0133     		adds	r3, r3, #1
 107 0014 0360     		str	r3, [r0]
 108 0016 7047     		bx	lr
 109              		.cfi_endproc
 110              	.LFE7:
 112              		.section	.text.vListInsert,"ax",%progbits
 113              		.align	1
 114              		.global	vListInsert
 115              		.syntax unified
 116              		.thumb
 117              		.thumb_func
 118              		.fpu softvfp
 120              	vListInsert:
 121              	.LFB8:
 142:Middlewares/Third_Party/FreeRTOS/Source/list.c **** }
 143:Middlewares/Third_Party/FreeRTOS/Source/list.c **** /*-----------------------------------------------------------*/
 144:Middlewares/Third_Party/FreeRTOS/Source/list.c **** 
 145:Middlewares/Third_Party/FreeRTOS/Source/list.c **** void vListInsert( List_t * const pxList, ListItem_t * const pxNewListItem )
 146:Middlewares/Third_Party/FreeRTOS/Source/list.c **** {
 122              		.loc 1 146 0
 123              		.cfi_startproc
 124              		@ args = 0, pretend = 0, frame = 0
 125              		@ frame_needed = 0, uses_anonymous_args = 0
 126              		@ link register save eliminated.
 127              	.LVL5:
 128 0000 30B4     		push	{r4, r5}
 129              	.LCFI0:
 130              		.cfi_def_cfa_offset 8
 131              		.cfi_offset 4, -8
 132              		.cfi_offset 5, -4
 147:Middlewares/Third_Party/FreeRTOS/Source/list.c **** ListItem_t *pxIterator;
 148:Middlewares/Third_Party/FreeRTOS/Source/list.c **** const TickType_t xValueOfInsertion = pxNewListItem->xItemValue;
 133              		.loc 1 148 0
 134 0002 0D68     		ldr	r5, [r1]
 135              	.LVL6:
 149:Middlewares/Third_Party/FreeRTOS/Source/list.c **** 
 150:Middlewares/Third_Party/FreeRTOS/Source/list.c **** 	/* Only effective when configASSERT() is also defined, these tests may catch
 151:Middlewares/Third_Party/FreeRTOS/Source/list.c **** 	the list data structures being overwritten in memory.  They will not catch
 152:Middlewares/Third_Party/FreeRTOS/Source/list.c **** 	data errors caused by incorrect configuration or use of FreeRTOS. */
 153:Middlewares/Third_Party/FreeRTOS/Source/list.c **** 	listTEST_LIST_INTEGRITY( pxList );
 154:Middlewares/Third_Party/FreeRTOS/Source/list.c **** 	listTEST_LIST_ITEM_INTEGRITY( pxNewListItem );
 155:Middlewares/Third_Party/FreeRTOS/Source/list.c **** 
 156:Middlewares/Third_Party/FreeRTOS/Source/list.c **** 	/* Insert the new list item into the list, sorted in xItemValue order.
 157:Middlewares/Third_Party/FreeRTOS/Source/list.c **** 
ARM GAS  /tmp/ccnqEy65.s 			page 6


 158:Middlewares/Third_Party/FreeRTOS/Source/list.c **** 	If the list already contains a list item with the same item value then the
 159:Middlewares/Third_Party/FreeRTOS/Source/list.c **** 	new list item should be placed after it.  This ensures that TCB's which are
 160:Middlewares/Third_Party/FreeRTOS/Source/list.c **** 	stored in ready lists (all of which have the same xItemValue value) get a
 161:Middlewares/Third_Party/FreeRTOS/Source/list.c **** 	share of the CPU.  However, if the xItemValue is the same as the back marker
 162:Middlewares/Third_Party/FreeRTOS/Source/list.c **** 	the iteration loop below will not end.  Therefore the value is checked
 163:Middlewares/Third_Party/FreeRTOS/Source/list.c **** 	first, and the algorithm slightly modified if necessary. */
 164:Middlewares/Third_Party/FreeRTOS/Source/list.c **** 	if( xValueOfInsertion == portMAX_DELAY )
 136              		.loc 1 164 0
 137 0004 B5F1FF3F 		cmp	r5, #-1
 138 0008 02D0     		beq	.L10
 165:Middlewares/Third_Party/FreeRTOS/Source/list.c **** 	{
 166:Middlewares/Third_Party/FreeRTOS/Source/list.c **** 		pxIterator = pxList->xListEnd.pxPrevious;
 167:Middlewares/Third_Party/FreeRTOS/Source/list.c **** 	}
 168:Middlewares/Third_Party/FreeRTOS/Source/list.c **** 	else
 169:Middlewares/Third_Party/FreeRTOS/Source/list.c **** 	{
 170:Middlewares/Third_Party/FreeRTOS/Source/list.c **** 		/* *** NOTE ***********************************************************
 171:Middlewares/Third_Party/FreeRTOS/Source/list.c **** 		If you find your application is crashing here then likely causes are
 172:Middlewares/Third_Party/FreeRTOS/Source/list.c **** 		listed below.  In addition see http://www.freertos.org/FAQHelp.html for
 173:Middlewares/Third_Party/FreeRTOS/Source/list.c **** 		more tips, and ensure configASSERT() is defined!
 174:Middlewares/Third_Party/FreeRTOS/Source/list.c **** 		http://www.freertos.org/a00110.html#configASSERT
 175:Middlewares/Third_Party/FreeRTOS/Source/list.c **** 
 176:Middlewares/Third_Party/FreeRTOS/Source/list.c **** 			1) Stack overflow -
 177:Middlewares/Third_Party/FreeRTOS/Source/list.c **** 			   see http://www.freertos.org/Stacks-and-stack-overflow-checking.html
 178:Middlewares/Third_Party/FreeRTOS/Source/list.c **** 			2) Incorrect interrupt priority assignment, especially on Cortex-M
 179:Middlewares/Third_Party/FreeRTOS/Source/list.c **** 			   parts where numerically high priority values denote low actual
 180:Middlewares/Third_Party/FreeRTOS/Source/list.c **** 			   interrupt priorities, which can seem counter intuitive.  See
 181:Middlewares/Third_Party/FreeRTOS/Source/list.c **** 			   http://www.freertos.org/RTOS-Cortex-M3-M4.html and the definition
 182:Middlewares/Third_Party/FreeRTOS/Source/list.c **** 			   of configMAX_SYSCALL_INTERRUPT_PRIORITY on
 183:Middlewares/Third_Party/FreeRTOS/Source/list.c **** 			   http://www.freertos.org/a00110.html
 184:Middlewares/Third_Party/FreeRTOS/Source/list.c **** 			3) Calling an API function from within a critical section or when
 185:Middlewares/Third_Party/FreeRTOS/Source/list.c **** 			   the scheduler is suspended, or calling an API function that does
 186:Middlewares/Third_Party/FreeRTOS/Source/list.c **** 			   not end in "FromISR" from an interrupt.
 187:Middlewares/Third_Party/FreeRTOS/Source/list.c **** 			4) Using a queue or semaphore before it has been initialised or
 188:Middlewares/Third_Party/FreeRTOS/Source/list.c **** 			   before the scheduler has been started (are interrupts firing
 189:Middlewares/Third_Party/FreeRTOS/Source/list.c **** 			   before vTaskStartScheduler() has been called?).
 190:Middlewares/Third_Party/FreeRTOS/Source/list.c **** 		**********************************************************************/
 191:Middlewares/Third_Party/FreeRTOS/Source/list.c **** 
 192:Middlewares/Third_Party/FreeRTOS/Source/list.c **** 		for( pxIterator = ( ListItem_t * ) &( pxList->xListEnd ); pxIterator->pxNext->xItemValue <= xValu
 139              		.loc 1 192 0
 140 000a 00F10802 		add	r2, r0, #8
 141              	.LVL7:
 142 000e 02E0     		b	.L7
 143              	.LVL8:
 144              	.L10:
 166:Middlewares/Third_Party/FreeRTOS/Source/list.c **** 	}
 145              		.loc 1 166 0
 146 0010 0269     		ldr	r2, [r0, #16]
 147              	.LVL9:
 148 0012 04E0     		b	.L6
 149              	.L8:
 150              		.loc 1 192 0
 151 0014 1A46     		mov	r2, r3
 152              	.LVL10:
 153              	.L7:
 154              		.loc 1 192 0 is_stmt 0 discriminator 1
 155 0016 5368     		ldr	r3, [r2, #4]
 156 0018 1C68     		ldr	r4, [r3]
ARM GAS  /tmp/ccnqEy65.s 			page 7


 157 001a A542     		cmp	r5, r4
 158 001c FAD2     		bcs	.L8
 159              	.L6:
 193:Middlewares/Third_Party/FreeRTOS/Source/list.c **** 		{
 194:Middlewares/Third_Party/FreeRTOS/Source/list.c **** 			/* There is nothing to do here, just iterating to the wanted
 195:Middlewares/Third_Party/FreeRTOS/Source/list.c **** 			insertion position. */
 196:Middlewares/Third_Party/FreeRTOS/Source/list.c **** 		}
 197:Middlewares/Third_Party/FreeRTOS/Source/list.c **** 	}
 198:Middlewares/Third_Party/FreeRTOS/Source/list.c **** 
 199:Middlewares/Third_Party/FreeRTOS/Source/list.c **** 	pxNewListItem->pxNext = pxIterator->pxNext;
 160              		.loc 1 199 0 is_stmt 1
 161 001e 5368     		ldr	r3, [r2, #4]
 162 0020 4B60     		str	r3, [r1, #4]
 200:Middlewares/Third_Party/FreeRTOS/Source/list.c **** 	pxNewListItem->pxNext->pxPrevious = pxNewListItem;
 163              		.loc 1 200 0
 164 0022 9960     		str	r1, [r3, #8]
 201:Middlewares/Third_Party/FreeRTOS/Source/list.c **** 	pxNewListItem->pxPrevious = pxIterator;
 165              		.loc 1 201 0
 166 0024 8A60     		str	r2, [r1, #8]
 202:Middlewares/Third_Party/FreeRTOS/Source/list.c **** 	pxIterator->pxNext = pxNewListItem;
 167              		.loc 1 202 0
 168 0026 5160     		str	r1, [r2, #4]
 203:Middlewares/Third_Party/FreeRTOS/Source/list.c **** 
 204:Middlewares/Third_Party/FreeRTOS/Source/list.c **** 	/* Remember which list the item is in.  This allows fast removal of the
 205:Middlewares/Third_Party/FreeRTOS/Source/list.c **** 	item later. */
 206:Middlewares/Third_Party/FreeRTOS/Source/list.c **** 	pxNewListItem->pvContainer = ( void * ) pxList;
 169              		.loc 1 206 0
 170 0028 0861     		str	r0, [r1, #16]
 207:Middlewares/Third_Party/FreeRTOS/Source/list.c **** 
 208:Middlewares/Third_Party/FreeRTOS/Source/list.c **** 	( pxList->uxNumberOfItems )++;
 171              		.loc 1 208 0
 172 002a 0368     		ldr	r3, [r0]
 173 002c 0133     		adds	r3, r3, #1
 174 002e 0360     		str	r3, [r0]
 209:Middlewares/Third_Party/FreeRTOS/Source/list.c **** }
 175              		.loc 1 209 0
 176 0030 30BC     		pop	{r4, r5}
 177              	.LCFI1:
 178              		.cfi_restore 5
 179              		.cfi_restore 4
 180              		.cfi_def_cfa_offset 0
 181              	.LVL11:
 182 0032 7047     		bx	lr
 183              		.cfi_endproc
 184              	.LFE8:
 186              		.section	.text.uxListRemove,"ax",%progbits
 187              		.align	1
 188              		.global	uxListRemove
 189              		.syntax unified
 190              		.thumb
 191              		.thumb_func
 192              		.fpu softvfp
 194              	uxListRemove:
 195              	.LFB9:
 210:Middlewares/Third_Party/FreeRTOS/Source/list.c **** /*-----------------------------------------------------------*/
 211:Middlewares/Third_Party/FreeRTOS/Source/list.c **** 
 212:Middlewares/Third_Party/FreeRTOS/Source/list.c **** UBaseType_t uxListRemove( ListItem_t * const pxItemToRemove )
ARM GAS  /tmp/ccnqEy65.s 			page 8


 213:Middlewares/Third_Party/FreeRTOS/Source/list.c **** {
 196              		.loc 1 213 0
 197              		.cfi_startproc
 198              		@ args = 0, pretend = 0, frame = 0
 199              		@ frame_needed = 0, uses_anonymous_args = 0
 200              		@ link register save eliminated.
 201              	.LVL12:
 214:Middlewares/Third_Party/FreeRTOS/Source/list.c **** /* The list item knows which list it is in.  Obtain the list from the list
 215:Middlewares/Third_Party/FreeRTOS/Source/list.c **** item. */
 216:Middlewares/Third_Party/FreeRTOS/Source/list.c **** List_t * const pxList = ( List_t * ) pxItemToRemove->pvContainer;
 202              		.loc 1 216 0
 203 0000 0369     		ldr	r3, [r0, #16]
 204              	.LVL13:
 217:Middlewares/Third_Party/FreeRTOS/Source/list.c **** 
 218:Middlewares/Third_Party/FreeRTOS/Source/list.c **** 	pxItemToRemove->pxNext->pxPrevious = pxItemToRemove->pxPrevious;
 205              		.loc 1 218 0
 206 0002 4268     		ldr	r2, [r0, #4]
 207 0004 8168     		ldr	r1, [r0, #8]
 208 0006 9160     		str	r1, [r2, #8]
 219:Middlewares/Third_Party/FreeRTOS/Source/list.c **** 	pxItemToRemove->pxPrevious->pxNext = pxItemToRemove->pxNext;
 209              		.loc 1 219 0
 210 0008 8268     		ldr	r2, [r0, #8]
 211 000a 4168     		ldr	r1, [r0, #4]
 212 000c 5160     		str	r1, [r2, #4]
 220:Middlewares/Third_Party/FreeRTOS/Source/list.c **** 
 221:Middlewares/Third_Party/FreeRTOS/Source/list.c **** 	/* Only used during decision coverage testing. */
 222:Middlewares/Third_Party/FreeRTOS/Source/list.c **** 	mtCOVERAGE_TEST_DELAY();
 223:Middlewares/Third_Party/FreeRTOS/Source/list.c **** 
 224:Middlewares/Third_Party/FreeRTOS/Source/list.c **** 	/* Make sure the index is left pointing to a valid item. */
 225:Middlewares/Third_Party/FreeRTOS/Source/list.c **** 	if( pxList->pxIndex == pxItemToRemove )
 213              		.loc 1 225 0
 214 000e 5A68     		ldr	r2, [r3, #4]
 215 0010 9042     		cmp	r0, r2
 216 0012 05D0     		beq	.L13
 217              	.L12:
 226:Middlewares/Third_Party/FreeRTOS/Source/list.c **** 	{
 227:Middlewares/Third_Party/FreeRTOS/Source/list.c **** 		pxList->pxIndex = pxItemToRemove->pxPrevious;
 228:Middlewares/Third_Party/FreeRTOS/Source/list.c **** 	}
 229:Middlewares/Third_Party/FreeRTOS/Source/list.c **** 	else
 230:Middlewares/Third_Party/FreeRTOS/Source/list.c **** 	{
 231:Middlewares/Third_Party/FreeRTOS/Source/list.c **** 		mtCOVERAGE_TEST_MARKER();
 232:Middlewares/Third_Party/FreeRTOS/Source/list.c **** 	}
 233:Middlewares/Third_Party/FreeRTOS/Source/list.c **** 
 234:Middlewares/Third_Party/FreeRTOS/Source/list.c **** 	pxItemToRemove->pvContainer = NULL;
 218              		.loc 1 234 0
 219 0014 0022     		movs	r2, #0
 220 0016 0261     		str	r2, [r0, #16]
 235:Middlewares/Third_Party/FreeRTOS/Source/list.c **** 	( pxList->uxNumberOfItems )--;
 221              		.loc 1 235 0
 222 0018 1868     		ldr	r0, [r3]
 223              	.LVL14:
 224 001a 0138     		subs	r0, r0, #1
 225 001c 1860     		str	r0, [r3]
 236:Middlewares/Third_Party/FreeRTOS/Source/list.c **** 
 237:Middlewares/Third_Party/FreeRTOS/Source/list.c **** 	return pxList->uxNumberOfItems;
 238:Middlewares/Third_Party/FreeRTOS/Source/list.c **** }
 226              		.loc 1 238 0
ARM GAS  /tmp/ccnqEy65.s 			page 9


 227 001e 7047     		bx	lr
 228              	.LVL15:
 229              	.L13:
 227:Middlewares/Third_Party/FreeRTOS/Source/list.c **** 	}
 230              		.loc 1 227 0
 231 0020 8268     		ldr	r2, [r0, #8]
 232 0022 5A60     		str	r2, [r3, #4]
 233 0024 F6E7     		b	.L12
 234              		.cfi_endproc
 235              	.LFE9:
 237              		.text
 238              	.Letext0:
 239              		.file 2 "/usr/bin/gcc-arm-none-eabi-6-2017-q2-update/arm-none-eabi/include/machine/_default_types.
 240              		.file 3 "/usr/bin/gcc-arm-none-eabi-6-2017-q2-update/arm-none-eabi/include/sys/lock.h"
 241              		.file 4 "/usr/bin/gcc-arm-none-eabi-6-2017-q2-update/arm-none-eabi/include/sys/_types.h"
 242              		.file 5 "/usr/bin/gcc-arm-none-eabi-6-2017-q2-update/lib/gcc/arm-none-eabi/6.3.1/include/stddef.h"
 243              		.file 6 "/usr/bin/gcc-arm-none-eabi-6-2017-q2-update/arm-none-eabi/include/sys/reent.h"
 244              		.file 7 "/usr/bin/gcc-arm-none-eabi-6-2017-q2-update/arm-none-eabi/include/stdlib.h"
 245              		.file 8 "/usr/bin/gcc-arm-none-eabi-6-2017-q2-update/arm-none-eabi/include/sys/_stdint.h"
 246              		.file 9 "Inc/FreeRTOSConfig.h"
 247              		.file 10 "Middlewares/Third_Party/FreeRTOS/Source/portable/GCC/ARM_CM3/portmacro.h"
 248              		.file 11 "Middlewares/Third_Party/FreeRTOS/Source/include/list.h"
ARM GAS  /tmp/ccnqEy65.s 			page 10


DEFINED SYMBOLS
                            *ABS*:0000000000000000 list.c
     /tmp/ccnqEy65.s:16     .text.vListInitialise:0000000000000000 $t
     /tmp/ccnqEy65.s:23     .text.vListInitialise:0000000000000000 vListInitialise
     /tmp/ccnqEy65.s:50     .text.vListInitialiseItem:0000000000000000 $t
     /tmp/ccnqEy65.s:57     .text.vListInitialiseItem:0000000000000000 vListInitialiseItem
     /tmp/ccnqEy65.s:73     .text.vListInsertEnd:0000000000000000 $t
     /tmp/ccnqEy65.s:80     .text.vListInsertEnd:0000000000000000 vListInsertEnd
     /tmp/ccnqEy65.s:113    .text.vListInsert:0000000000000000 $t
     /tmp/ccnqEy65.s:120    .text.vListInsert:0000000000000000 vListInsert
     /tmp/ccnqEy65.s:187    .text.uxListRemove:0000000000000000 $t
     /tmp/ccnqEy65.s:194    .text.uxListRemove:0000000000000000 uxListRemove
                     .debug_frame:0000000000000010 $d

NO UNDEFINED SYMBOLS
